/*C35*/CONNECT USER SA
DISCONNECT
/*C36*/CONNECT USER SA
/*C37*/CONNECT USER SA
DISCONNECT
/*C38*/CONNECT USER SA
SET AUTOCOMMIT FALSE
SET AUTOCOMMIT TRUE
SET AUTOCOMMIT FALSE
SET AUTOCOMMIT TRUE
SET AUTOCOMMIT FALSE
/*C39*/CONNECT USER SA
/*C38*/SET AUTOCOMMIT TRUE
/*C39*/SET AUTOCOMMIT FALSE
SET AUTOCOMMIT TRUE
/*C36*/SET AUTOCOMMIT FALSE
INSERT INTO REPORT_LOG VALUES(4066,'2014-07-30 21:46:33.376',NULL,NULL,NULL,63,0,NULL,NULL,NULL)
COMMIT
SET AUTOCOMMIT TRUE
/*C39*/SET AUTOCOMMIT FALSE
SET AUTOCOMMIT TRUE
SET AUTOCOMMIT FALSE
SET AUTOCOMMIT TRUE
SET AUTOCOMMIT FALSE
SET AUTOCOMMIT TRUE
SET AUTOCOMMIT FALSE
SET AUTOCOMMIT TRUE
SET AUTOCOMMIT FALSE
SET AUTOCOMMIT TRUE
SET AUTOCOMMIT FALSE
SET AUTOCOMMIT TRUE
/*C36*/SET AUTOCOMMIT FALSE
INSERT INTO REPORT_LOG VALUES(4067,'2014-07-30 21:48:15.741',NULL,NULL,NULL,64,0,NULL,NULL,NULL)
COMMIT
SET AUTOCOMMIT TRUE
/*C39*/SET AUTOCOMMIT FALSE
SET AUTOCOMMIT TRUE
/*C36*/SET AUTOCOMMIT FALSE
INSERT INTO REPORT_LOG VALUES(4068,'2014-07-30 21:48:22.932',NULL,NULL,NULL,63,0,NULL,NULL,NULL)
COMMIT
SET AUTOCOMMIT TRUE
SET AUTOCOMMIT FALSE
INSERT INTO REPORT_LOG VALUES(4069,'2014-07-30 21:48:31.481',NULL,NULL,NULL,39,0,NULL,NULL,NULL)
COMMIT
SET AUTOCOMMIT TRUE
SET AUTOCOMMIT FALSE
DELETE FROM REPORT_LOG WHERE LOG_ID=4069
INSERT INTO REPORT_LOG VALUES(4069,'2014-07-30 21:48:31.481','2014-07-30 21:48:31.497','success',NULL,39,0,NULL,NULL,NULL)
COMMIT
SET AUTOCOMMIT TRUE
SET AUTOCOMMIT FALSE
INSERT INTO REPORT_LOG VALUES(4070,'2014-07-30 21:48:43.966',NULL,NULL,NULL,66,0,NULL,2,NULL)
COMMIT
SET AUTOCOMMIT TRUE
SET AUTOCOMMIT FALSE
DELETE FROM REPORT_LOG WHERE LOG_ID=4070
INSERT INTO REPORT_LOG VALUES(4070,'2014-07-30 21:48:43.966','2014-07-30 21:48:44.073','success',NULL,66,0,NULL,2,NULL)
COMMIT
SET AUTOCOMMIT TRUE
/*C39*/SET AUTOCOMMIT FALSE
SET AUTOCOMMIT TRUE
/*C36*/SET AUTOCOMMIT FALSE
INSERT INTO REPORT_LOG VALUES(4071,'2014-07-30 21:48:57.387',NULL,NULL,NULL,61,0,NULL,2,NULL)
COMMIT
SET AUTOCOMMIT TRUE
SET AUTOCOMMIT FALSE
DELETE FROM REPORT_LOG WHERE LOG_ID=4071
INSERT INTO REPORT_LOG VALUES(4071,'2014-07-30 21:48:57.387','2014-07-30 21:49:01.684','failure','java.lang.OutOfMemoryError: PermGen space',61,0,NULL,2,NULL)
COMMIT
SET AUTOCOMMIT TRUE
/*C39*/SET AUTOCOMMIT FALSE
SET AUTOCOMMIT TRUE
SET AUTOCOMMIT FALSE
SET AUTOCOMMIT TRUE
DISCONNECT
/*C38*/DISCONNECT
/*C36*/DISCONNECT
/*C40*/CONNECT USER SA
DISCONNECT
/*C41*/CONNECT USER SA
/*C42*/CONNECT USER SA
DISCONNECT
/*C43*/CONNECT USER SA
SET AUTOCOMMIT FALSE
SET AUTOCOMMIT TRUE
SET AUTOCOMMIT FALSE
SET AUTOCOMMIT TRUE
SET AUTOCOMMIT FALSE
/*C44*/CONNECT USER SA
/*C43*/SET AUTOCOMMIT TRUE
/*C44*/SET AUTOCOMMIT FALSE
SET AUTOCOMMIT TRUE
/*C41*/SET AUTOCOMMIT FALSE
INSERT INTO REPORT_LOG VALUES(4072,'2014-07-30 21:53:26.543',NULL,NULL,NULL,33,0,NULL,2,NULL)
COMMIT
SET AUTOCOMMIT TRUE
/*C44*/SET AUTOCOMMIT FALSE
SET AUTOCOMMIT TRUE
/*C41*/SET AUTOCOMMIT FALSE
DELETE FROM REPORT_LOG WHERE LOG_ID=4072
INSERT INTO REPORT_LOG VALUES(4072,'2014-07-30 21:53:26.543','2014-07-30 21:53:28.967','success',NULL,33,0,NULL,2,NULL)
COMMIT
SET AUTOCOMMIT TRUE
SET AUTOCOMMIT FALSE
INSERT INTO REPORT_LOG VALUES(4073,'2014-07-30 21:53:33.926',NULL,NULL,NULL,39,0,NULL,NULL,NULL)
COMMIT
SET AUTOCOMMIT TRUE
SET AUTOCOMMIT FALSE
DELETE FROM REPORT_LOG WHERE LOG_ID=4073
INSERT INTO REPORT_LOG VALUES(4073,'2014-07-30 21:53:33.926','2014-07-30 21:53:33.941','success',NULL,39,0,NULL,NULL,NULL)
COMMIT
SET AUTOCOMMIT TRUE
SET AUTOCOMMIT FALSE
INSERT INTO REPORT_LOG VALUES(4074,'2014-07-30 21:53:50.509',NULL,NULL,NULL,63,0,NULL,NULL,NULL)
COMMIT
SET AUTOCOMMIT TRUE
/*C44*/SET AUTOCOMMIT FALSE
SET AUTOCOMMIT TRUE
SET AUTOCOMMIT FALSE
SET AUTOCOMMIT TRUE
/*C41*/SET AUTOCOMMIT FALSE
INSERT INTO REPORT_LOG VALUES(4075,'2014-07-30 21:54:09.209',NULL,NULL,NULL,53,0,NULL,1,NULL)
COMMIT
SET AUTOCOMMIT TRUE
SET AUTOCOMMIT FALSE
DELETE FROM REPORT_LOG WHERE LOG_ID=4075
INSERT INTO REPORT_LOG VALUES(4075,'2014-07-30 21:54:09.209','2014-07-30 21:54:09.849','success',NULL,53,0,NULL,1,NULL)
COMMIT
SET AUTOCOMMIT TRUE
/*C44*/SET AUTOCOMMIT FALSE
SET AUTOCOMMIT TRUE
/*C41*/SET AUTOCOMMIT FALSE
INSERT INTO REPORT_LOG VALUES(4076,'2014-07-30 21:54:28.245',NULL,NULL,NULL,60,0,NULL,2,NULL)
COMMIT
SET AUTOCOMMIT TRUE
SET AUTOCOMMIT FALSE
DELETE FROM REPORT_LOG WHERE LOG_ID=4076
INSERT INTO REPORT_LOG VALUES(4076,'2014-07-30 21:54:28.245','2014-07-30 21:54:30.017','success',NULL,60,0,NULL,2,NULL)
COMMIT
SET AUTOCOMMIT TRUE
/*C44*/SET AUTOCOMMIT FALSE
SET AUTOCOMMIT TRUE
/*C41*/SET AUTOCOMMIT FALSE
INSERT INTO REPORT_LOG VALUES(4077,'2014-07-30 21:54:48.266',NULL,NULL,NULL,41,0,NULL,NULL,NULL)
COMMIT
SET AUTOCOMMIT TRUE
SET AUTOCOMMIT FALSE
DELETE FROM REPORT_LOG WHERE LOG_ID=4077
INSERT INTO REPORT_LOG VALUES(4077,'2014-07-30 21:54:48.266','2014-07-30 21:54:48.302','failure','The report is empty. Please try different parameters.',41,0,NULL,NULL,NULL)
COMMIT
SET AUTOCOMMIT TRUE
SET AUTOCOMMIT FALSE
INSERT INTO REPORT_LOG VALUES(4078,'2014-07-30 21:54:54.425',NULL,NULL,NULL,41,0,NULL,NULL,NULL)
COMMIT
SET AUTOCOMMIT TRUE
SET AUTOCOMMIT FALSE
DELETE FROM REPORT_LOG WHERE LOG_ID=4078
INSERT INTO REPORT_LOG VALUES(4078,'2014-07-30 21:54:54.425','2014-07-30 21:54:54.438','failure','The report is empty. Please try different parameters.',41,0,NULL,NULL,NULL)
COMMIT
SET AUTOCOMMIT TRUE
/*C44*/SET AUTOCOMMIT FALSE
SET AUTOCOMMIT TRUE
/*C41*/SET AUTOCOMMIT FALSE
INSERT INTO REPORT_LOG VALUES(4079,'2014-07-30 21:55:01.273',NULL,NULL,NULL,41,0,NULL,NULL,NULL)
COMMIT
SET AUTOCOMMIT TRUE
SET AUTOCOMMIT FALSE
DELETE FROM REPORT_LOG WHERE LOG_ID=4079
INSERT INTO REPORT_LOG VALUES(4079,'2014-07-30 21:55:01.273','2014-07-30 21:55:01.496','success',NULL,41,0,NULL,NULL,NULL)
COMMIT
SET AUTOCOMMIT TRUE
/*C44*/SET AUTOCOMMIT FALSE
SET AUTOCOMMIT TRUE
/*C41*/DISCONNECT
/*C43*/DISCONNECT
/*C44*/DISCONNECT
